\BOOKMARK [1][-]{section.1}{Lecture 1. Introduction}{}% 1
\BOOKMARK [1][-]{section.2}{Lecture 2. Machine Learning}{}% 2
\BOOKMARK [2][-]{subsection.2.1}{Types learning}{section.2}% 3
\BOOKMARK [1][-]{section.3}{Lecture 3. Evolutionary Algos}{}% 4
\BOOKMARK [1][-]{section.4}{Lecture 4. Neural Networks}{}% 5
\BOOKMARK [2][-]{subsection.4.1}{Perceptron}{section.4}% 6
\BOOKMARK [3][-]{subsubsection.4.1.1}{Perceptron training}{subsection.4.1}% 7
\BOOKMARK [3][-]{subsubsection.4.1.2}{Perceptron gradient learning}{subsection.4.1}% 8
\BOOKMARK [3][-]{subsubsection.4.1.3}{Deriving gradietn of error}{subsection.4.1}% 9
\BOOKMARK [3][-]{subsubsection.4.1.4}{Cross entropy loss}{subsection.4.1}% 10
\BOOKMARK [2][-]{subsection.4.2}{Backpropagation algorithm}{section.4}% 11
\BOOKMARK [3][-]{subsubsection.4.2.1}{Multilayer perceptron \205 MLP}{subsection.4.2}% 12
\BOOKMARK [3][-]{subsubsection.4.2.2}{Chain rule and backprop}{subsection.4.2}% 13
\BOOKMARK [3][-]{subsubsection.4.2.3}{Training MLP}{subsection.4.2}% 14
\BOOKMARK [3][-]{subsubsection.4.2.4}{Propagating the error through multiple layers}{subsection.4.2}% 15
\BOOKMARK [3][-]{subsubsection.4.2.5}{Backprop summary}{subsection.4.2}% 16
\BOOKMARK [2][-]{subsection.4.3}{Backpropagation algorithm variants}{section.4}% 17
\BOOKMARK [3][-]{subsubsection.4.3.1}{Backprop variants}{subsection.4.3}% 18
\BOOKMARK [3][-]{subsubsection.4.3.2}{Modified transfer functions}{subsection.4.3}% 19
\BOOKMARK [3][-]{subsubsection.4.3.3}{Backprop with momentum}{subsection.4.3}% 20
\BOOKMARK [3][-]{subsubsection.4.3.4}{Batch updates and variable learning rate}{subsection.4.3}% 21
\BOOKMARK [3][-]{subsubsection.4.3.5}{Second order methods}{subsection.4.3}% 22
\BOOKMARK [2][-]{subsection.4.4}{MLP as universal approximator}{section.4}% 23
\BOOKMARK [2][-]{subsection.4.5}{Self-organizing Map}{section.4}% 24
\BOOKMARK [1][-]{section.5}{Convolutional Networks}{}% 25
